# JRE version: OpenJDK Runtime Environment Temurin-17.0.3+7 (17.0.3+7) (build 17.0.3+7)
# Java VM: OpenJDK 64-Bit Server VM Temurin-17.0.3+7 (17.0.3+7, mixed mode, sharing, tiered, compressed oops, compressed class ptrs, g1 gc, windows-amd64)
GC Precious Log:
 CPUs: 4 total, 4 available
 Memory: 3913M
 Large Page Support: Disabled
 NUMA Support: Disabled
 Compressed Oops: Enabled (32-bit)
 Heap Region Size: 1M
 Heap Min Capacity: 8M
 Heap Initial Capacity: 62M
 Heap Max Capacity: 980M
 Pre-touch: Disabled
 Parallel Workers: 4
 Concurrent Workers: 1
 Concurrent Refinement Workers: 4
 Periodic GC: Disabled
Heap:
 garbage-first heap   total 136192K, used 61024K [0x00000000c2c00000, 0x0000000100000000)
  region size 1024K, 2 young (2048K), 2 survivors (2048K)
 Metaspace       used 3968K, committed 4032K, reserved 1056768K
  class space    used 331K, committed 384K, reserved 1048576K
GC Heap History (20 events):
Event: 0.672 GC heap after
{Heap after GC invocations=3 (full 0):
 garbage-first heap   total 63488K, used 21482K [0x00000000c2c00000, 0x0000000100000000)
  region size 1024K, 2 young (2048K), 2 survivors (2048K)
 Metaspace       used 1015K, committed 1152K, reserved 1056768K
  class space    used 76K, committed 128K, reserved 1048576K
}
Event: 0.697 GC heap before
{Heap before GC invocations=3 (full 0):
 garbage-first heap   total 63488K, used 31722K [0x00000000c2c00000, 0x0000000100000000)
  region size 1024K, 12 young (12288K), 2 survivors (2048K)
 Metaspace       used 1015K, committed 1152K, reserved 1056768K
  class space    used 76K, committed 128K, reserved 1048576K
}
Event: 0.704 GC heap after
{Heap after GC invocations=4 (full 0):
 garbage-first heap   total 63488K, used 23085K [0x00000000c2c00000, 0x0000000100000000)
  region size 1024K, 2 young (2048K), 2 survivors (2048K)
 Metaspace       used 1015K, committed 1152K, reserved 1056768K
  class space    used 76K, committed 128K, reserved 1048576K
}
Event: 0.747 GC heap before
{Heap before GC invocations=4 (full 0):
 garbage-first heap   total 63488K, used 35373K [0x00000000c2c00000, 0x0000000100000000)
  region size 1024K, 14 young (14336K), 2 survivors (2048K)
 Metaspace       used 1015K, committed 1152K, reserved 1056768K
  class space    used 76K, committed 128K, reserved 1048576K
}
Event: 0.759 GC heap after
{Heap after GC invocations=5 (full 0):
 garbage-first heap   total 136192K, used 24707K [0x00000000c2c00000, 0x0000000100000000)
  region size 1024K, 2 young (2048K), 2 survivors (2048K)
 Metaspace       used 1015K, committed 1152K, reserved 1056768K
  class space    used 76K, committed 128K, reserved 1048576K
}
Event: 1.082 GC heap before
{Heap before GC invocations=5 (full 0):
 garbage-first heap   total 136192K, used 68739K [0x00000000c2c00000, 0x0000000100000000)
  region size 1024K, 45 young (46080K), 2 survivors (2048K)
 Metaspace       used 1016K, committed 1152K, reserved 1056768K
  class space    used 76K, committed 128K, reserved 1048576K
}
Event: 1.097 GC heap after
{Heap after GC invocations=6 (full 0):
 garbage-first heap   total 136192K, used 30720K [0x00000000c2c00000, 0x0000000100000000)
  region size 1024K, 6 young (6144K), 6 survivors (6144K)
 Metaspace       used 1016K, committed 1152K, reserved 1056768K
  class space    used 76K, committed 128K, reserved 1048576K
}
Event: 1.178 GC heap before
{Heap before GC invocations=6 (full 0):
 garbage-first heap   total 136192K, used 84992K [0x00000000c2c00000, 0x0000000100000000)
  region size 1024K, 59 young (60416K), 6 survivors (6144K)
 Metaspace       used 1016K, committed 1152K, reserved 1056768K
  class space    used 76K, committed 128K, reserved 1048576K
}
Event: 1.202 GC heap after
{Heap after GC invocations=7 (full 0):
 garbage-first heap   total 136192K, used 39214K [0x00000000c2c00000, 0x0000000100000000)
  region size 1024K, 8 young (8192K), 8 survivors (8192K)
 Metaspace       used 1016K, committed 1152K, reserved 1056768K
  class space    used 76K, committed 128K, reserved 1048576K
}
Event: 2.851 GC heap before
{Heap before GC invocations=7 (full 0):
 garbage-first heap   total 136192K, used 95534K [0x00000000c2c00000, 0x0000000100000000)
  region size 1024K, 56 young (57344K), 8 survivors (8192K)
 Metaspace       used 3754K, committed 3840K, reserved 1056768K
  class space    used 331K, committed 384K, reserved 1048576K
}
Event: 2.869 GC heap after
{Heap after GC invocations=8 (full 0):
 garbage-first heap   total 136192K, used 53248K [0x00000000c2c00000, 0x0000000100000000)
  region size 1024K, 7 young (7168K), 7 survivors (7168K)
 Metaspace       used 3754K, committed 3840K, reserved 1056768K
  class space    used 331K, committed 384K, reserved 1048576K
}
Event: 4.194 GC heap before
{Heap before GC invocations=8 (full 0):
 garbage-first heap   total 136192K, used 96256K [0x00000000c2c00000, 0x0000000100000000)
  region size 1024K, 49 young (50176K), 7 survivors (7168K)
 Metaspace       used 3899K, committed 4032K, reserved 1056768K
  class space    used 331K, committed 384K, reserved 1048576K
}
Event: 4.213 GC heap after
{Heap after GC invocations=9 (full 0):
 garbage-first heap   total 136192K, used 56735K [0x00000000c2c00000, 0x0000000100000000)
  region size 1024K, 3 young (3072K), 3 survivors (3072K)
 Metaspace       used 3899K, committed 4032K, reserved 1056768K
  class space    used 331K, committed 384K, reserved 1048576K
}
Event: 4.932 GC heap before
{Heap before GC invocations=9 (full 0):
 garbage-first heap   total 136192K, used 72095K [0x00000000c2c00000, 0x0000000100000000)
  region size 1024K, 14 young (14336K), 3 survivors (3072K)
 Metaspace       used 3968K, committed 4032K, reserved 1056768K
  class space    used 331K, committed 384K, reserved 1048576K
}
Event: 4.935 GC heap after
{Heap after GC invocations=10 (full 0):
 garbage-first heap   total 136192K, used 59160K [0x00000000c2c00000, 0x0000000100000000)
  region size 1024K, 2 young (2048K), 2 survivors (2048K)
 Metaspace       used 3968K, committed 4032K, reserved 1056768K
  class space    used 331K, committed 384K, reserved 1048576K
}
Event: 5.169 GC heap before
{Heap before GC invocations=10 (full 0):
 garbage-first heap   total 136192K, used 62232K [0x00000000c2c00000, 0x0000000100000000)
  region size 1024K, 3 young (3072K), 2 survivors (2048K)
 Metaspace       used 3968K, committed 4032K, reserved 1056768K
  class space    used 331K, committed 384K, reserved 1048576K
}
Event: 5.172 GC heap after
{Heap after GC invocations=11 (full 0):
 garbage-first heap   total 136192K, used 58994K [0x00000000c2c00000, 0x0000000100000000)
  region size 1024K, 2 young (2048K), 2 survivors (2048K)
 Metaspace       used 3968K, committed 4032K, reserved 1056768K
  class space    used 331K, committed 384K, reserved 1048576K
}
Event: 5.189 GC heap before
{Heap before GC invocations=11 (full 0):
 garbage-first heap   total 136192K, used 61042K [0x00000000c2c00000, 0x0000000100000000)
  region size 1024K, 2 young (2048K), 2 survivors (2048K)
 Metaspace       used 3968K, committed 4032K, reserved 1056768K
  class space    used 331K, committed 384K, reserved 1048576K
}
Event: 5.192 GC heap after
{Heap after GC invocations=12 (full 0):
 garbage-first heap   total 136192K, used 60029K [0x00000000c2c00000, 0x0000000100000000)
  region size 1024K, 2 young (2048K), 2 survivors (2048K)
 Metaspace       used 3968K, committed 4032K, reserved 1056768K
  class space    used 331K, committed 384K, reserved 1048576K
}
Event: 5.217 GC heap before
{Heap before GC invocations=12 (full 0):
 garbage-first heap   total 136192K, used 63101K [0x00000000c2c00000, 0x0000000100000000)
  region size 1024K, 2 young (2048K), 2 survivors (2048K)
 Metaspace       used 3968K, committed 4032K, reserved 1056768K
  class space    used 331K, committed 384K, reserved 1048576K
}

