# JRE version: OpenJDK Runtime Environment Temurin-17.0.3+7 (17.0.3+7) (build 17.0.3+7)
# Java VM: OpenJDK 64-Bit Server VM Temurin-17.0.3+7 (17.0.3+7, mixed mode, sharing, tiered, compressed oops, compressed class ptrs, g1 gc, windows-amd64)
GC Precious Log:
 CPUs: 4 total, 4 available
 Memory: 3913M
 Large Page Support: Disabled
 NUMA Support: Disabled
 Compressed Oops: Enabled (32-bit)
 Heap Region Size: 1M
 Heap Min Capacity: 8M
 Heap Initial Capacity: 62M
 Heap Max Capacity: 980M
 Pre-touch: Disabled
 Parallel Workers: 4
 Concurrent Workers: 1
 Concurrent Refinement Workers: 4
 Periodic GC: Disabled
Heap:
 garbage-first heap   total 104448K, used 60573K [0x00000000c2c00000, 0x0000000100000000)
  region size 1024K, 1 young (1024K), 1 survivors (1024K)
 Metaspace       used 22696K, committed 23360K, reserved 1073152K
  class space    used 2813K, committed 3136K, reserved 1048576K
GC Heap History (20 events):
Event: 4.436 GC heap after
{Heap after GC invocations=12 (full 0):
 garbage-first heap   total 76800K, used 22567K [0x00000000c2c00000, 0x0000000100000000)
  region size 1024K, 2 young (2048K), 2 survivors (2048K)
 Metaspace       used 4918K, committed 5056K, reserved 1056768K
  class space    used 459K, committed 512K, reserved 1048576K
}
Event: 5.247 GC heap before
{Heap before GC invocations=12 (full 0):
 garbage-first heap   total 76800K, used 61479K [0x00000000c2c00000, 0x0000000100000000)
  region size 1024K, 40 young (40960K), 2 survivors (2048K)
 Metaspace       used 7219K, committed 7488K, reserved 1056768K
  class space    used 750K, committed 896K, reserved 1048576K
}
Event: 5.253 GC heap after
{Heap after GC invocations=13 (full 0):
 garbage-first heap   total 76800K, used 23713K [0x00000000c2c00000, 0x0000000100000000)
  region size 1024K, 3 young (3072K), 3 survivors (3072K)
 Metaspace       used 7219K, committed 7488K, reserved 1056768K
  class space    used 750K, committed 896K, reserved 1048576K
}
Event: 5.772 GC heap before
{Heap before GC invocations=13 (full 0):
 garbage-first heap   total 76800K, used 61601K [0x00000000c2c00000, 0x0000000100000000)
  region size 1024K, 40 young (40960K), 3 survivors (3072K)
 Metaspace       used 9092K, committed 9280K, reserved 1064960K
  class space    used 1014K, committed 1088K, reserved 1048576K
}
Event: 5.779 GC heap after
{Heap after GC invocations=14 (full 0):
 garbage-first heap   total 76800K, used 24645K [0x00000000c2c00000, 0x0000000100000000)
  region size 1024K, 4 young (4096K), 4 survivors (4096K)
 Metaspace       used 9092K, committed 9280K, reserved 1064960K
  class space    used 1014K, committed 1088K, reserved 1048576K
}
Event: 5.997 GC heap before
{Heap before GC invocations=14 (full 0):
 garbage-first heap   total 76800K, used 62533K [0x00000000c2c00000, 0x0000000100000000)
  region size 1024K, 41 young (41984K), 4 survivors (4096K)
 Metaspace       used 9109K, committed 9344K, reserved 1064960K
  class space    used 1015K, committed 1088K, reserved 1048576K
}
Event: 6.005 GC heap after
{Heap after GC invocations=15 (full 0):
 garbage-first heap   total 92160K, used 24733K [0x00000000c2c00000, 0x0000000100000000)
  region size 1024K, 3 young (3072K), 3 survivors (3072K)
 Metaspace       used 9109K, committed 9344K, reserved 1064960K
  class space    used 1015K, committed 1088K, reserved 1048576K
}
Event: 7.710 GC heap before
{Heap before GC invocations=15 (full 0):
 garbage-first heap   total 92160K, used 77981K [0x00000000c2c00000, 0x0000000100000000)
  region size 1024K, 54 young (55296K), 3 survivors (3072K)
 Metaspace       used 16414K, committed 16704K, reserved 1064960K
  class space    used 1969K, committed 2112K, reserved 1048576K
}
Event: 7.723 GC heap after
{Heap after GC invocations=16 (full 0):
 garbage-first heap   total 92160K, used 30245K [0x00000000c2c00000, 0x0000000100000000)
  region size 1024K, 7 young (7168K), 7 survivors (7168K)
 Metaspace       used 16414K, committed 16704K, reserved 1064960K
  class space    used 1969K, committed 2112K, reserved 1048576K
}
Event: 8.598 GC heap before
{Heap before GC invocations=16 (full 0):
 garbage-first heap   total 92160K, used 82469K [0x00000000c2c00000, 0x0000000100000000)
  region size 1024K, 46 young (47104K), 7 survivors (7168K)
 Metaspace       used 16460K, committed 16832K, reserved 1064960K
  class space    used 1975K, committed 2176K, reserved 1048576K
}
Event: 8.635 GC heap after
{Heap after GC invocations=17 (full 0):
 garbage-first heap   total 104448K, used 53845K [0x00000000c2c00000, 0x0000000100000000)
  region size 1024K, 7 young (7168K), 7 survivors (7168K)
 Metaspace       used 16460K, committed 16832K, reserved 1064960K
  class space    used 1975K, committed 2176K, reserved 1048576K
}
Event: 9.036 GC heap before
{Heap before GC invocations=17 (full 0):
 garbage-first heap   total 104448K, used 74325K [0x00000000c2c00000, 0x0000000100000000)
  region size 1024K, 27 young (27648K), 7 survivors (7168K)
 Metaspace       used 17302K, committed 17664K, reserved 1064960K
  class space    used 2090K, committed 2240K, reserved 1048576K
}
Event: 9.049 GC heap after
{Heap after GC invocations=18 (full 0):
 garbage-first heap   total 104448K, used 56320K [0x00000000c2c00000, 0x0000000100000000)
  region size 1024K, 4 young (4096K), 4 survivors (4096K)
 Metaspace       used 17302K, committed 17664K, reserved 1064960K
  class space    used 2090K, committed 2240K, reserved 1048576K
}
Event: 9.495 GC heap before
{Heap before GC invocations=19 (full 0):
 garbage-first heap   total 104448K, used 69632K [0x00000000c2c00000, 0x0000000100000000)
  region size 1024K, 24 young (24576K), 4 survivors (4096K)
 Metaspace       used 18954K, committed 19264K, reserved 1073152K
  class space    used 2315K, committed 2496K, reserved 1048576K
}
Event: 9.503 GC heap after
{Heap after GC invocations=20 (full 0):
 garbage-first heap   total 104448K, used 49488K [0x00000000c2c00000, 0x0000000100000000)
  region size 1024K, 1 young (1024K), 1 survivors (1024K)
 Metaspace       used 18954K, committed 19264K, reserved 1073152K
  class space    used 2315K, committed 2496K, reserved 1048576K
}
Event: 10.321 GC heap before
{Heap before GC invocations=20 (full 0):
 garbage-first heap   total 104448K, used 78160K [0x00000000c2c00000, 0x0000000100000000)
  region size 1024K, 29 young (29696K), 1 survivors (1024K)
 Metaspace       used 22190K, committed 22848K, reserved 1073152K
  class space    used 2762K, committed 3072K, reserved 1048576K
}
Event: 10.327 GC heap after
{Heap after GC invocations=21 (full 0):
 garbage-first heap   total 104448K, used 51001K [0x00000000c2c00000, 0x0000000100000000)
  region size 1024K, 3 young (3072K), 3 survivors (3072K)
 Metaspace       used 22190K, committed 22848K, reserved 1073152K
  class space    used 2762K, committed 3072K, reserved 1048576K
}
Event: 10.630 GC heap before
{Heap before GC invocations=22 (full 0):
 garbage-first heap   total 104448K, used 79673K [0x00000000c2c00000, 0x0000000100000000)
  region size 1024K, 31 young (31744K), 3 survivors (3072K)
 Metaspace       used 22672K, committed 23360K, reserved 1073152K
  class space    used 2810K, committed 3136K, reserved 1048576K
}
Event: 10.656 GC heap after
{Heap after GC invocations=23 (full 0):
 garbage-first heap   total 104448K, used 60385K [0x00000000c2c00000, 0x0000000100000000)
  region size 1024K, 4 young (4096K), 4 survivors (4096K)
 Metaspace       used 22672K, committed 23360K, reserved 1073152K
  class space    used 2810K, committed 3136K, reserved 1048576K
}
Event: 10.677 GC heap before
{Heap before GC invocations=23 (full 0):
 garbage-first heap   total 104448K, used 60385K [0x00000000c2c00000, 0x0000000100000000)
  region size 1024K, 5 young (5120K), 4 survivors (4096K)
 Metaspace       used 22696K, committed 23360K, reserved 1073152K
  class space    used 2813K, committed 3136K, reserved 1048576K
}

