# JRE version: OpenJDK Runtime Environment Temurin-17.0.5+8 (17.0.5+8) (build 17.0.5+8)
# Java VM: OpenJDK 64-Bit Server VM Temurin-17.0.5+8 (17.0.5+8, mixed mode, sharing, tiered, compressed oops, compressed class ptrs, g1 gc, windows-amd64)
GC Precious Log:
 CPUs: 4 total, 4 available
 Memory: 3913M
 Large Page Support: Disabled
 NUMA Support: Disabled
 Compressed Oops: Enabled (Zero based)
 Heap Region Size: 2M
 Heap Min Capacity: 8M
 Heap Initial Capacity: 62M
 Heap Max Capacity: 4G
 Pre-touch: Disabled
 Parallel Workers: 4
 Concurrent Workers: 1
 Concurrent Refinement Workers: 4
 Periodic GC: Disabled
Heap:
 garbage-first heap   total 921600K, used 599010K [0x0000000700000000, 0x0000000800000000)
  region size 2048K, 3 young (6144K), 3 survivors (6144K)
 Metaspace       used 1742K, committed 1856K, reserved 1056768K
  class space    used 115K, committed 128K, reserved 1048576K
GC Heap History (20 events):
Event: 4.456 GC heap after
{Heap after GC invocations=15 (full 0):
 garbage-first heap   total 307200K, used 165858K [0x0000000700000000, 0x0000000800000000)
  region size 2048K, 4 young (8192K), 4 survivors (8192K)
 Metaspace       used 1668K, committed 1792K, reserved 1056768K
  class space    used 112K, committed 128K, reserved 1048576K
}
Event: 5.023 GC heap before
{Heap before GC invocations=16 (full 0):
 garbage-first heap   total 335872K, used 219106K [0x0000000700000000, 0x0000000800000000)
  region size 2048K, 30 young (61440K), 4 survivors (8192K)
 Metaspace       used 1688K, committed 1792K, reserved 1056768K
  class space    used 112K, committed 128K, reserved 1048576K
}
Event: 5.052 GC heap after
{Heap after GC invocations=17 (full 0):
 garbage-first heap   total 335872K, used 188386K [0x0000000700000000, 0x0000000800000000)
  region size 2048K, 4 young (8192K), 4 survivors (8192K)
 Metaspace       used 1688K, committed 1792K, reserved 1056768K
  class space    used 112K, committed 128K, reserved 1048576K
}
Event: 5.089 GC heap before
{Heap before GC invocations=17 (full 0):
 garbage-first heap   total 335872K, used 196578K [0x0000000700000000, 0x0000000800000000)
  region size 2048K, 8 young (16384K), 4 survivors (8192K)
 Metaspace       used 1688K, committed 1792K, reserved 1056768K
  class space    used 112K, committed 128K, reserved 1048576K
}
Event: 5.105 GC heap after
{Heap after GC invocations=18 (full 0):
 garbage-first heap   total 335872K, used 193461K [0x0000000700000000, 0x0000000800000000)
  region size 2048K, 1 young (2048K), 1 survivors (2048K)
 Metaspace       used 1688K, committed 1792K, reserved 1056768K
  class space    used 112K, committed 128K, reserved 1048576K
}
Event: 5.323 GC heap before
{Heap before GC invocations=18 (full 0):
 garbage-first heap   total 335872K, used 242613K [0x0000000700000000, 0x0000000800000000)
  region size 2048K, 26 young (53248K), 1 survivors (2048K)
 Metaspace       used 1689K, committed 1792K, reserved 1056768K
  class space    used 112K, committed 128K, reserved 1048576K
}
Event: 5.353 GC heap after
{Heap after GC invocations=19 (full 0):
 garbage-first heap   total 747520K, used 221064K [0x0000000700000000, 0x0000000800000000)
  region size 2048K, 4 young (8192K), 4 survivors (8192K)
 Metaspace       used 1689K, committed 1792K, reserved 1056768K
  class space    used 112K, committed 128K, reserved 1048576K
}
Event: 6.872 GC heap before
{Heap before GC invocations=20 (full 0):
 garbage-first heap   total 747520K, used 434056K [0x0000000700000000, 0x0000000800000000)
  region size 2048K, 108 young (221184K), 4 survivors (8192K)
 Metaspace       used 1695K, committed 1792K, reserved 1056768K
  class space    used 112K, committed 128K, reserved 1048576K
}
Event: 6.996 GC heap after
{Heap after GC invocations=21 (full 0):
 garbage-first heap   total 747520K, used 333551K [0x0000000700000000, 0x0000000800000000)
  region size 2048K, 14 young (28672K), 14 survivors (28672K)
 Metaspace       used 1695K, committed 1792K, reserved 1056768K
  class space    used 112K, committed 128K, reserved 1048576K
}
Event: 7.047 GC heap before
{Heap before GC invocations=21 (full 0):
 garbage-first heap   total 747520K, used 341743K [0x0000000700000000, 0x0000000800000000)
  region size 2048K, 18 young (36864K), 14 survivors (28672K)
 Metaspace       used 1695K, committed 1792K, reserved 1056768K
  class space    used 112K, committed 128K, reserved 1048576K
}
Event: 7.089 GC heap after
{Heap after GC invocations=22 (full 0):
 garbage-first heap   total 747520K, used 340962K [0x0000000700000000, 0x0000000800000000)
  region size 2048K, 3 young (6144K), 3 survivors (6144K)
 Metaspace       used 1695K, committed 1792K, reserved 1056768K
  class space    used 112K, committed 128K, reserved 1048576K
}
Event: 7.669 GC heap before
{Heap before GC invocations=22 (full 0):
 garbage-first heap   total 747520K, used 478178K [0x0000000700000000, 0x0000000800000000)
  region size 2048K, 70 young (143360K), 3 survivors (6144K)
 Metaspace       used 1696K, committed 1792K, reserved 1056768K
  class space    used 112K, committed 128K, reserved 1048576K
}
Event: 7.742 GC heap after
{Heap after GC invocations=23 (full 0):
 garbage-first heap   total 747520K, used 411618K [0x0000000700000000, 0x0000000800000000)
  region size 2048K, 9 young (18432K), 9 survivors (18432K)
 Metaspace       used 1696K, committed 1792K, reserved 1056768K
  class space    used 112K, committed 128K, reserved 1048576K
}
Event: 8.243 GC heap before
{Heap before GC invocations=23 (full 0):
 garbage-first heap   total 747520K, used 526306K [0x0000000700000000, 0x0000000800000000)
  region size 2048K, 65 young (133120K), 9 survivors (18432K)
 Metaspace       used 1696K, committed 1792K, reserved 1056768K
  class space    used 112K, committed 128K, reserved 1048576K
}
Event: 8.355 GC heap after
{Heap after GC invocations=24 (full 0):
 garbage-first heap   total 747520K, used 475106K [0x0000000700000000, 0x0000000800000000)
  region size 2048K, 9 young (18432K), 9 survivors (18432K)
 Metaspace       used 1696K, committed 1792K, reserved 1056768K
  class space    used 112K, committed 128K, reserved 1048576K
}
Event: 9.663 GC heap before
{Heap before GC invocations=24 (full 0):
 garbage-first heap   total 921600K, used 563170K [0x0000000700000000, 0x0000000800000000)
  region size 2048K, 52 young (106496K), 9 survivors (18432K)
 Metaspace       used 1730K, committed 1792K, reserved 1056768K
  class space    used 115K, committed 128K, reserved 1048576K
}
Event: 9.776 GC heap after
{Heap after GC invocations=25 (full 0):
 garbage-first heap   total 921600K, used 524258K [0x0000000700000000, 0x0000000800000000)
  region size 2048K, 7 young (14336K), 7 survivors (14336K)
 Metaspace       used 1730K, committed 1792K, reserved 1056768K
  class space    used 115K, committed 128K, reserved 1048576K
}
Event: 11.801 GC heap before
{Heap before GC invocations=26 (full 0):
 garbage-first heap   total 921600K, used 659426K [0x0000000700000000, 0x0000000800000000)
  region size 2048K, 72 young (147456K), 7 survivors (14336K)
 Metaspace       used 1742K, committed 1856K, reserved 1056768K
  class space    used 115K, committed 128K, reserved 1048576K
}
Event: 11.885 GC heap after
{Heap after GC invocations=27 (full 0):
 garbage-first heap   total 921600K, used 588770K [0x0000000700000000, 0x0000000800000000)
  region size 2048K, 9 young (18432K), 9 survivors (18432K)
 Metaspace       used 1742K, committed 1856K, reserved 1056768K
  class space    used 115K, committed 128K, reserved 1048576K
}
Event: 11.997 GC heap before
{Heap before GC invocations=27 (full 0):
 garbage-first heap   total 921600K, used 615394K [0x0000000700000000, 0x0000000800000000)
  region size 2048K, 22 young (45056K), 9 survivors (18432K)
 Metaspace       used 1742K, committed 1856K, reserved 1056768K
  class space    used 115K, committed 128K, reserved 1048576K
}

